0 info it worked if it ends with ok
1 verbose cli [ '/usr/local/bin/node', '/usr/local/bin/npm', 'run', 'deploy' ]
2 info using npm@3.10.9
3 info using node@v6.9.1
4 verbose run-script [ 'predeploy', 'deploy', 'postdeploy' ]
5 info lifecycle portfolio-0716@1.0.0~predeploy: portfolio-0716@1.0.0
6 silly lifecycle portfolio-0716@1.0.0~predeploy: no script for predeploy, continuing
7 info lifecycle portfolio-0716@1.0.0~deploy: portfolio-0716@1.0.0
8 verbose lifecycle portfolio-0716@1.0.0~deploy: unsafe-perm in lifecycle true
9 verbose lifecycle portfolio-0716@1.0.0~deploy: PATH: /usr/local/lib/node_modules/npm/bin/node-gyp-bin:/Users/neilspurgeon/Personal/websites/portfolio-0716/node_modules/.bin:/usr/local/opt/imagemagick@6/bin:/usr/local/bin:/usr/bin:/bin:/usr/sbin:/sbin
10 verbose lifecycle portfolio-0716@1.0.0~deploy: CWD: /Users/neilspurgeon/Personal/websites/portfolio-0716
11 silly lifecycle portfolio-0716@1.0.0~deploy: Args: [ '-c',
11 silly lifecycle   'git checkout master && jekyll build && git branch -D gh-pages && git checkout -b gh-pages && cp -a _site/* ./ && git add . && git commit -m \'deploy build\' && git push --set-upstream origin gh-pages && git checkout master' ]
12 silly lifecycle portfolio-0716@1.0.0~deploy: Returned: code: 1  signal: null
13 info lifecycle portfolio-0716@1.0.0~deploy: Failed to exec deploy script
14 verbose stack Error: portfolio-0716@1.0.0 deploy: `git checkout master && jekyll build && git branch -D gh-pages && git checkout -b gh-pages && cp -a _site/* ./ && git add . && git commit -m 'deploy build' && git push --set-upstream origin gh-pages && git checkout master`
14 verbose stack Exit status 1
14 verbose stack     at EventEmitter.<anonymous> (/usr/local/lib/node_modules/npm/lib/utils/lifecycle.js:255:16)
14 verbose stack     at emitTwo (events.js:106:13)
14 verbose stack     at EventEmitter.emit (events.js:191:7)
14 verbose stack     at ChildProcess.<anonymous> (/usr/local/lib/node_modules/npm/lib/utils/spawn.js:40:14)
14 verbose stack     at emitTwo (events.js:106:13)
14 verbose stack     at ChildProcess.emit (events.js:191:7)
14 verbose stack     at maybeClose (internal/child_process.js:877:16)
14 verbose stack     at Process.ChildProcess._handle.onexit (internal/child_process.js:226:5)
15 verbose pkgid portfolio-0716@1.0.0
16 verbose cwd /Users/neilspurgeon/Personal/websites/portfolio-0716
17 error Darwin 16.6.0
18 error argv "/usr/local/bin/node" "/usr/local/bin/npm" "run" "deploy"
19 error node v6.9.1
20 error npm  v3.10.9
21 error code ELIFECYCLE
22 error portfolio-0716@1.0.0 deploy: `git checkout master && jekyll build && git branch -D gh-pages && git checkout -b gh-pages && cp -a _site/* ./ && git add . && git commit -m 'deploy build' && git push --set-upstream origin gh-pages && git checkout master`
22 error Exit status 1
23 error Failed at the portfolio-0716@1.0.0 deploy script 'git checkout master && jekyll build && git branch -D gh-pages && git checkout -b gh-pages && cp -a _site/* ./ && git add . && git commit -m 'deploy build' && git push --set-upstream origin gh-pages && git checkout master'.
23 error Make sure you have the latest version of node.js and npm installed.
23 error If you do, this is most likely a problem with the portfolio-0716 package,
23 error not with npm itself.
23 error Tell the author that this fails on your system:
23 error     git checkout master && jekyll build && git branch -D gh-pages && git checkout -b gh-pages && cp -a _site/* ./ && git add . && git commit -m 'deploy build' && git push --set-upstream origin gh-pages && git checkout master
23 error You can get information on how to open an issue for this project with:
23 error     npm bugs portfolio-0716
23 error Or if that isn't available, you can get their info via:
23 error     npm owner ls portfolio-0716
23 error There is likely additional logging output above.
24 verbose exit [ 1, true ]
